Engine-Match Wednesday, 02 August 2023 23:53:09
 Tournament Game in 10 Minutes 

Pairing 1/1 :    ChessBotAspirationWindow  -  Engine5-quiscence5

PGN-File: C:\Program Files (x86)\Arena\Arena.pgn

No:  B/W 1/2     W:B       1:2           Time        Value Moves Dep 1:2       1-2-Draws
   1 B 2    1,0:0,0        0,0:1,0       11:02:26    -M500    65 8,500 :9,300  0-1-0
   1 * *     0,0:0,0        0,0:0,0       11:28:43    -0.35    10 9,000 :9,000  0-0-0
   1 * *     0,0:0,0        0,0:0,0       11:43:25    -0.39     8 9,500 :9,333  0-0-0
   4 * *     0,0:0,0        0,0:0,0       11:45:10     0.00     5 0:0 0-0-0
   1 * *     0,0:0,0        0,0:0,0       11:48:43    +2.23    40 7,714 :8,393  0-0-0
   1 * *     0,0:0,0        0,0:0,0       11:54:19    +5.68    26 8,333 :8,533  0-0-0
   1 * *     0,0:0,0        0,0:0,0       11:55:36    +0.52    16 8,571 :8,600  0-0-0
   1 W 1    1,0:0,0        1,0:0,0       12:13:11    +M500    45 7,868 :8,256  1-0-0

--------------------------------------------------------------

Engine-Match Monday, 07 August 2023 15:44:13
 Blitz 1/0,4 

Pairing 1/1 :    ChessBot-1,93  -  ChessBot-Testing

PGN-File: C:\Program Files (x86)\Arena\Arena.pgn

No:  B/W 1/2     W:B       1:2           Time        Value Moves Dep 1:2       1-2-Draws
   1 * *     0,0:0,0        0,0:0,0       11:41:35     0.00    16 7,625 :8,143  0-0-0

--------------------------------------------------------------

Engine-Match Thursday, 27 February 2025 20:04:58
 Blitz 1/1 

Pairing 1/1 :    ChessBot Debug  -  ChessBot Release

PGN-File: C:\Program Files (x86)\Arena\Arena.pgn

No:  B/W 1/2     W:B       1:2           Time        Value Moves Dep 1:2       1-2-Draws
   1 = =    0.5:0.5        0.5:0.5       20:08:34    +1.92    70 7.385 :7.286  0-0-1
